<?xml version="1.0" encoding="UTF-8"?>
<testsuite xmlns:xsi="http://www.w3.org/2001/XMLSchema-instance" xsi:noNamespaceSchemaLocation="https://maven.apache.org/surefire/maven-surefire-plugin/xsd/surefire-test-report.xsd" version="3.0.2" name="com.guidev1911.encurtadorURL.unitTests.controller.UrlControllerTest" time="1.514" tests="5" errors="0" skipped="0" failures="0">
  <properties>
[...]
</properties>
  <testcase name="deveRetornarStatsQuandoShortCodeExiste" classname="com.guidev1911.encurtadorURL.unitTests.controller.UrlControllerTest" time="0.508">
    <system-out><![CDATA[2025-05-25T01:01:31.219-03:00  INFO 16972 --- [encurtadorURL] [           main] t.c.s.AnnotationConfigContextLoaderUtils : Could not detect default configuration classes for test class [com.guidev1911.encurtadorURL.unitTests.controller.UrlControllerTest]: UrlControllerTest does not declare any static, non-private, non-final, nested classes annotated with @Configuration.
2025-05-25T01:01:31.269-03:00  INFO 16972 --- [encurtadorURL] [           main] .b.t.c.SpringBootTestContextBootstrapper : Found @SpringBootConfiguration com.guidev1911.encurtadorURL.EncurtadorUrlApplication for test class com.guidev1911.encurtadorURL.unitTests.controller.UrlControllerTest
2025-05-25T01:01:31.283-03:00  INFO 16972 --- [encurtadorURL] [           main] o.s.b.d.r.RestartApplicationListener     : Restart disabled due to context in which it is running

  .   ____          _            __ _ _
 /\\ / ___'_ __ _ _(_)_ __  __ _ \ \ \ \
( ( )\___ | '_ | '_| | '_ \/ _` | \ \ \ \
 \\/  ___)| |_)| | | | | || (_| |  ) ) ) )
  '  |____| .__|_| |_|_| |_\__, | / / / /
 =========|_|==============|___/=/_/_/_/

 :: Spring Boot ::                (v3.4.5)

2025-05-25T01:01:31.314-03:00  INFO 16972 --- [encurtadorURL] [           main] c.g.e.u.controller.UrlControllerTest     : Starting UrlControllerTest using Java 21.0.5 with PID 16972 (started by guisp in C:\Users\guisp\PROJETOS PESSOAIS\encurtadorURL)
2025-05-25T01:01:31.314-03:00  INFO 16972 --- [encurtadorURL] [           main] c.g.e.u.controller.UrlControllerTest     : No active profile set, falling back to 1 default profile: "default"
2025-05-25T01:01:31.775-03:00  INFO 16972 --- [encurtadorURL] [           main] o.s.v.b.OptionalValidatorFactoryBean     : Failed to set up a Bean Validation provider: jakarta.validation.NoProviderFoundException: Unable to create a Configuration, because no Jakarta Bean Validation provider could be found. Add a provider like Hibernate Validator (RI) to your classpath.
2025-05-25T01:01:31.969-03:00  INFO 16972 --- [encurtadorURL] [           main] o.s.b.t.m.w.SpringBootMockServletContext : Initializing Spring TestDispatcherServlet ''
2025-05-25T01:01:31.969-03:00  INFO 16972 --- [encurtadorURL] [           main] o.s.t.web.servlet.TestDispatcherServlet  : Initializing Servlet ''
2025-05-25T01:01:31.970-03:00  INFO 16972 --- [encurtadorURL] [           main] o.s.t.web.servlet.TestDispatcherServlet  : Completed initialization in 1 ms
2025-05-25T01:01:32.029-03:00  INFO 16972 --- [encurtadorURL] [           main] c.g.e.u.controller.UrlControllerTest     : Started UrlControllerTest in 0.746 seconds (process running for 20.481)
]]></system-out>
  </testcase>
  <testcase name="deveCriarEncurtadorComSucesso" classname="com.guidev1911.encurtadorURL.unitTests.controller.UrlControllerTest" time="0.131"/>
  <testcase name="deveRetornar404QuandoShortCodeNaoEncontrado" classname="com.guidev1911.encurtadorURL.unitTests.controller.UrlControllerTest" time="0.021"/>
  <testcase name="deveRedirecionarQuandoShortCodeExiste" classname="com.guidev1911.encurtadorURL.unitTests.controller.UrlControllerTest" time="0.012"/>
  <testcase name="deveRetornar404QuandoStatsNaoEncontrado" classname="com.guidev1911.encurtadorURL.unitTests.controller.UrlControllerTest" time="0.005"/>
</testsuite>